[debug] [2025-12-27T06:09:00.517Z] ----------------------------------------------------------------------
[debug] [2025-12-27T06:09:00.519Z] Command:       C:\Program Files\nodejs\node.exe C:\Users\ASUS\AppData\Roaming\npm\node_modules\firebase-tools\lib\bin\firebase.js deploy --only hosting --debug
[debug] [2025-12-27T06:09:00.519Z] CLI Version:   15.1.0
[debug] [2025-12-27T06:09:00.519Z] Platform:      win32
[debug] [2025-12-27T06:09:00.519Z] Node Version:  v22.19.0
[debug] [2025-12-27T06:09:00.519Z] Time:          Sat Dec 27 2025 11:39:00 GMT+0530 (India Standard Time)
[debug] [2025-12-27T06:09:00.520Z] ----------------------------------------------------------------------
[debug] 
[debug] [2025-12-27T06:09:01.668Z] > command requires scopes: ["email","openid","https://www.googleapis.com/auth/cloudplatformprojects.readonly","https://www.googleapis.com/auth/firebase","https://www.googleapis.com/auth/cloud-platform"]
[debug] [2025-12-27T06:09:01.669Z] > authorizing via signed-in user (rasagnasai1234@gmail.com)
[debug] [2025-12-27T06:09:01.669Z] [iam] checking project smartcampus-b4339 for permissions ["firebase.projects.get","firebasehosting.sites.update"]
[debug] [2025-12-27T06:09:01.670Z] Checked if tokens are valid: true, expires at: 1766818371471
[debug] [2025-12-27T06:09:01.671Z] Checked if tokens are valid: true, expires at: 1766818371471
[debug] [2025-12-27T06:09:01.671Z] >>> [apiv2][query] POST https://cloudresourcemanager.googleapis.com/v1/projects/smartcampus-b4339:testIamPermissions [none]
[debug] [2025-12-27T06:09:01.672Z] >>> [apiv2][(partial)header] POST https://cloudresourcemanager.googleapis.com/v1/projects/smartcampus-b4339:testIamPermissions x-goog-quota-user=projects/smartcampus-b4339
[debug] [2025-12-27T06:09:01.672Z] >>> [apiv2][body] POST https://cloudresourcemanager.googleapis.com/v1/projects/smartcampus-b4339:testIamPermissions {"permissions":["firebase.projects.get","firebasehosting.sites.update"]}
[debug] [2025-12-27T06:09:04.056Z] <<< [apiv2][status] POST https://cloudresourcemanager.googleapis.com/v1/projects/smartcampus-b4339:testIamPermissions 200
[debug] [2025-12-27T06:09:04.056Z] <<< [apiv2][body] POST https://cloudresourcemanager.googleapis.com/v1/projects/smartcampus-b4339:testIamPermissions {"permissions":["firebase.projects.get","firebasehosting.sites.update"]}
[debug] [2025-12-27T06:09:04.057Z] Checked if tokens are valid: true, expires at: 1766818371471
[debug] [2025-12-27T06:09:04.057Z] Checked if tokens are valid: true, expires at: 1766818371471
[debug] [2025-12-27T06:09:04.058Z] >>> [apiv2][query] GET https://firebase.googleapis.com/v1beta1/projects/smartcampus-b4339 [none]
[debug] [2025-12-27T06:09:05.631Z] <<< [apiv2][status] GET https://firebase.googleapis.com/v1beta1/projects/smartcampus-b4339 200
[debug] [2025-12-27T06:09:05.631Z] <<< [apiv2][body] GET https://firebase.googleapis.com/v1beta1/projects/smartcampus-b4339 {"projectId":"smartcampus-b4339","projectNumber":"940219744886","displayName":"SmartCampus","name":"projects/smartcampus-b4339","resources":{"hostingSite":"smartcampus-b4339"},"state":"ACTIVE","etag":"1_edcee9b3-c244-4060-83af-5cea6432b6de"}
[info] 
[info] === Deploying to 'smartcampus-b4339'...
[info] 
[info] i  deploying hosting 
[debug] [2025-12-27T06:09:05.637Z] Checked if tokens are valid: true, expires at: 1766818371471
[debug] [2025-12-27T06:09:05.637Z] Checked if tokens are valid: true, expires at: 1766818371471
[debug] [2025-12-27T06:09:05.637Z] >>> [apiv2][query] POST https://firebasehosting.googleapis.com/v1beta1/projects/-/sites/smartcampus-b4339/versions [none]
[debug] [2025-12-27T06:09:05.637Z] >>> [apiv2][body] POST https://firebasehosting.googleapis.com/v1beta1/projects/-/sites/smartcampus-b4339/versions {"status":"CREATED","labels":{"deployment-tool":"cli-firebase"}}
[debug] [2025-12-27T06:09:07.677Z] <<< [apiv2][status] POST https://firebasehosting.googleapis.com/v1beta1/projects/-/sites/smartcampus-b4339/versions 200
[debug] [2025-12-27T06:09:07.677Z] <<< [apiv2][body] POST https://firebasehosting.googleapis.com/v1beta1/projects/-/sites/smartcampus-b4339/versions {"name":"projects/940219744886/sites/smartcampus-b4339/versions/ca13f2d83d07933b","status":"CREATED","config":{},"labels":{"deployment-tool":"cli-firebase"}}
[info] i  hosting[smartcampus-b4339]: beginning deploy... 
[info] i  hosting[smartcampus-b4339]: found 20 files in frontend 
[debug] [2025-12-27T06:09:07.691Z] [hosting] uploading with 200 concurrency
[debug] [2025-12-27T06:09:07.694Z] Checked if tokens are valid: true, expires at: 1766818371471
[debug] [2025-12-27T06:09:07.694Z] Checked if tokens are valid: true, expires at: 1766818371471
[debug] [2025-12-27T06:09:07.695Z] [hosting] hash cache [ZnJvbnRlbmQ] stored for 20 files
[debug] [2025-12-27T06:09:07.695Z] [hosting][hash queue][FINAL] {"max":2,"min":0,"avg":0,"active":0,"complete":20,"success":20,"errored":0,"retried":0,"total":20,"elapsed":3}
[debug] [2025-12-27T06:09:07.695Z] >>> [apiv2][query] POST https://firebasehosting.googleapis.com/v1beta1/projects/940219744886/sites/smartcampus-b4339/versions/ca13f2d83d07933b:populateFiles [none]
[debug] [2025-12-27T06:09:07.695Z] >>> [apiv2][body] POST https://firebasehosting.googleapis.com/v1beta1/projects/940219744886/sites/smartcampus-b4339/versions/ca13f2d83d07933b:populateFiles {"files":{"/sos.html":"25d321e5c4501df8beda9e08d2a1533634623734dc84df2fd8bb0f576989a5a8","/profile.html":"0716e34d5346d4c588d6935d6aaf151d72a044c7fe142595f2e747fb85057cbf","/issue.html":"27aa28aeb315a36d8cea4d2850b69bffad1b0139e5f47fb0e5dfaa58f4d81f62","/index.html":"9f8a003a25c7e4e8649788e7d2c12f9867cb6c784ad14b421f9c4625dfb57f6a","/homepage.html":"946fe9a6476be7b2343016a5af8e65f2e387594886018fa7dc755f72277afbd3","/diagflow.html":"1cbd235b5ae8c5c51c327908cb8a7d1499a9ce43c42cc40a8dbf8be92c6acbb4","/dashboard.html":"ae90bd3c0978d2914398a428d040dd1976844cd70ce9dd1d88ef8686dc3e7d38","/admin_dashboard.html":"fe57fa7d72887d9d5bc7e0ac4865e2f7a9b8c1e162d27d3039a991b7eb4213c3","/js/utils.js":"31df4b82150cb8d6bf26145131cd6a66cb7e4c9e121b622a6d7d0a6327307cfa","/js/sos.js":"ff5e70f7d56ff159471821310b891e242181fbea285e9110d35bf550e76796db","/js/profile.js":"45e5dd8cdb2169532a83204bea59c55a9ba2cecd1f63ef94254ed7c6d7ee29b8","/js/issue.js":"934e5493053156ef7bcb71af5396665c3d2ec7500501e4dcc02ed733da7821cf","/js/homepage.js":"2511979d0da02f7285e2163e5584bfe7bdc41bd28a8b06d54dc1558bf4e7a703","/js/guard.js":"42adfc2a2cf012c9141978b640509ebdc02f944fb5c8f6dc64ddb31ac367238e","/js/firebase.js":"d1391434b9d54d51f954bf5736ce1d3258d9980e9ba6c735f391e98412b9ace4","/js/auth.js":"403610812a97bcc8e283ffbeac9008ae5c58942a5c0c8456bd1962f13cd787f8","/js/admin_sos.js":"bed43e1146303a59fcf6e00b367761cabb30ee23c381afe78c905d0f67e260b8","/js/admin_issues.js":"abf5ca1898fbf96ef6b8c46c2868ae3d8ce8bb61c9ff0d3f773acc326a5940de","/js/admin_dashboard.js":"b96a634599a0753af48289ff398e5f419e2b22a045efb49eecc5b1fb884729e0","/css/style.css":"4ea972fee04501e74b84339d1e290e24c3dd86ece842baaa2cb15016494d7f02"}}
[debug] [2025-12-27T06:09:08.345Z] <<< [apiv2][status] POST https://firebasehosting.googleapis.com/v1beta1/projects/940219744886/sites/smartcampus-b4339/versions/ca13f2d83d07933b:populateFiles 200
[debug] [2025-12-27T06:09:08.345Z] <<< [apiv2][body] POST https://firebasehosting.googleapis.com/v1beta1/projects/940219744886/sites/smartcampus-b4339/versions/ca13f2d83d07933b:populateFiles {"uploadUrl":"https://upload-firebasehosting.googleapis.com/upload/sites/smartcampus-b4339/versions/ca13f2d83d07933b/files"}
[debug] [2025-12-27T06:09:08.346Z] [hosting][populate queue][FINAL] {"max":652,"min":652,"avg":652,"active":0,"complete":1,"success":1,"errored":0,"retried":0,"total":1,"elapsed":652}
[debug] [2025-12-27T06:09:08.346Z] [hosting] uploads queued: 0
[debug] [2025-12-27T06:09:08.346Z] [hosting][upload queue][FINAL] {"max":0,"min":9999999999,"avg":0,"active":0,"complete":0,"success":0,"errored":0,"retried":0,"total":0,"elapsed":1766815748346}
[info] i  hosting: upload complete 
[info] +  hosting[smartcampus-b4339]: file upload complete 
[debug] [2025-12-27T06:09:08.347Z] [hosting] deploy completed after 668ms
[debug] [2025-12-27T06:09:08.347Z] [
  {
    "config": {
      "public": "frontend",
      "ignore": [
        "firebase.json",
        "**/.*",
        "**/node_modules/**"
      ],
      "site": "smartcampus-b4339"
    },
    "version": "projects/940219744886/sites/smartcampus-b4339/versions/ca13f2d83d07933b"
  }
]
[info] i  hosting[smartcampus-b4339]: finalizing version... 
[debug] [2025-12-27T06:09:08.349Z] Checked if tokens are valid: true, expires at: 1766818371471
[debug] [2025-12-27T06:09:08.349Z] Checked if tokens are valid: true, expires at: 1766818371471
[debug] [2025-12-27T06:09:08.349Z] >>> [apiv2][query] PATCH https://firebasehosting.googleapis.com/v1beta1/projects/-/sites/smartcampus-b4339/versions/ca13f2d83d07933b updateMask=status%2Cconfig
[debug] [2025-12-27T06:09:08.349Z] >>> [apiv2][body] PATCH https://firebasehosting.googleapis.com/v1beta1/projects/-/sites/smartcampus-b4339/versions/ca13f2d83d07933b {"status":"FINALIZED","config":{}}
[debug] [2025-12-27T06:09:08.841Z] <<< [apiv2][status] PATCH https://firebasehosting.googleapis.com/v1beta1/projects/-/sites/smartcampus-b4339/versions/ca13f2d83d07933b 200
[debug] [2025-12-27T06:09:08.842Z] <<< [apiv2][body] PATCH https://firebasehosting.googleapis.com/v1beta1/projects/-/sites/smartcampus-b4339/versions/ca13f2d83d07933b {"name":"projects/940219744886/sites/smartcampus-b4339/versions/ca13f2d83d07933b","status":"FINALIZED","config":{},"labels":{"deployment-tool":"cli-firebase"},"createTime":"2025-12-27T06:06:55.227650Z","createUser":{"email":"rasagnasai1234@gmail.com"},"finalizeTime":"2025-12-27T06:06:56.559341Z","finalizeUser":{"email":"rasagnasai1234@gmail.com"}}
[debug] [2025-12-27T06:09:08.842Z] [hosting] finalized version for smartcampus-b4339:[object Object]
[info] +  hosting[smartcampus-b4339]: version finalized 
[info] i  hosting[smartcampus-b4339]: releasing new version... 
[debug] [2025-12-27T06:09:08.843Z] Checked if tokens are valid: true, expires at: 1766818371471
[debug] [2025-12-27T06:09:08.843Z] Checked if tokens are valid: true, expires at: 1766818371471
[debug] [2025-12-27T06:09:08.843Z] >>> [apiv2][query] POST https://firebasehosting.googleapis.com/v1beta1/projects/-/sites/smartcampus-b4339/channels/live/releases versionName=projects%2F940219744886%2Fsites%2Fsmartcampus-b4339%2Fversions%2Fca13f2d83d07933b
[debug] [2025-12-27T06:09:08.843Z] >>> [apiv2][body] POST https://firebasehosting.googleapis.com/v1beta1/projects/-/sites/smartcampus-b4339/channels/live/releases {}
[debug] [2025-12-27T06:09:09.646Z] <<< [apiv2][status] POST https://firebasehosting.googleapis.com/v1beta1/projects/-/sites/smartcampus-b4339/channels/live/releases 200
[debug] [2025-12-27T06:09:09.646Z] <<< [apiv2][body] POST https://firebasehosting.googleapis.com/v1beta1/projects/-/sites/smartcampus-b4339/channels/live/releases {"name":"projects/940219744886/sites/smartcampus-b4339/channels/live/releases/1766815616528000","version":{"name":"projects/940219744886/sites/smartcampus-b4339/versions/ca13f2d83d07933b","status":"FINALIZED","config":{},"labels":{"deployment-tool":"cli-firebase"},"createTime":"2025-12-27T06:06:55.227650Z","createUser":{"email":"rasagnasai1234@gmail.com","imageUrl":"https://lh3.googleusercontent.com/a/ACg8ocJDqLCWRqvWfWb5X0i9zKHYds_u1Szw5N2MjtYPnuAwJY46eg=mo"},"finalizeTime":"2025-12-27T06:06:56.559341Z","finalizeUser":{"email":"rasagnasai1234@gmail.com","imageUrl":"https://lh3.googleusercontent.com/a/ACg8ocJDqLCWRqvWfWb5X0i9zKHYds_u1Szw5N2MjtYPnuAwJY46eg=mo"}},"type":"DEPLOY","releaseTime":"2025-12-27T06:06:56.528Z","releaseUser":{"email":"rasagnasai1234@gmail.com","imageUrl":"https://lh3.googleusercontent.com/a/ACg8ocJDqLCWRqvWfWb5X0i9zKHYds_u1Szw5N2MjtYPnuAwJY46eg=mo"}}
[debug] [2025-12-27T06:09:09.647Z] [hosting] release: {"name":"projects/940219744886/sites/smartcampus-b4339/channels/live/releases/1766815616528000","version":{"name":"projects/940219744886/sites/smartcampus-b4339/versions/ca13f2d83d07933b","status":"FINALIZED","config":{},"labels":{"deployment-tool":"cli-firebase"},"createTime":"2025-12-27T06:06:55.227650Z","createUser":{"email":"rasagnasai1234@gmail.com","imageUrl":"https://lh3.googleusercontent.com/a/ACg8ocJDqLCWRqvWfWb5X0i9zKHYds_u1Szw5N2MjtYPnuAwJY46eg=mo"},"finalizeTime":"2025-12-27T06:06:56.559341Z","finalizeUser":{"email":"rasagnasai1234@gmail.com","imageUrl":"https://lh3.googleusercontent.com/a/ACg8ocJDqLCWRqvWfWb5X0i9zKHYds_u1Szw5N2MjtYPnuAwJY46eg=mo"}},"type":"DEPLOY","releaseTime":"2025-12-27T06:06:56.528Z","releaseUser":{"email":"rasagnasai1234@gmail.com","imageUrl":"https://lh3.googleusercontent.com/a/ACg8ocJDqLCWRqvWfWb5X0i9zKHYds_u1Szw5N2MjtYPnuAwJY46eg=mo"}}
[info] +  hosting[smartcampus-b4339]: release complete 
[info] 
[info] +  Deploy complete! 
[info] 
[info] Project Console: https://console.firebase.google.com/project/smartcampus-b4339/overview
[info] Hosting URL: https://smartcampus-b4339.web.app
